<?xml version="1.0" encoding="UTF-8"?>
<!-- Generated by org.testng.reporters.JUnitReportReporter -->
<testsuite skipped="0" hostname="DESKTOP-E1E9EHH" name="selenium4features.WebElementScreenshot2" tests="1" failures="0" timestamp="20 Oct 2019 12:25:55 GMT" time="16.681" errors="0">
  <testcase name="openurlandlogin" time="16.681" classname="selenium4features.WebElementScreenshot2"/>
</testsuite> <!-- selenium4features.WebElementScreenshot2 -->
