<?xml version="1.0" encoding="UTF-8"?>
<!-- Generated by org.testng.reporters.JUnitReportReporter -->
<testsuite skipped="0" hostname="DESKTOP-E1E9EHH" name="selenium4features.WorkonAotherwindow" tests="1" failures="0" timestamp="20 Oct 2019 09:53:45 GMT" time="33.517" errors="0">
  <testcase name="openurlandlogin" time="33.517" classname="selenium4features.WorkonAotherwindow"/>
</testsuite> <!-- selenium4features.WorkonAotherwindow -->
