<?xml version="1.0" encoding="UTF-8"?>
<!-- Generated by org.testng.reporters.JUnitReportReporter -->
<testsuite skipped="0" hostname="DESKTOP-E1E9EHH" name="selenium4features.WebElementScreenshot" tests="1" failures="0" timestamp="20 Oct 2019 11:08:54 GMT" time="15.222" errors="0">
  <testcase name="openurlandlogin" time="15.222" classname="selenium4features.WebElementScreenshot"/>
</testsuite> <!-- selenium4features.WebElementScreenshot -->
